{
  "RSpec": {
    "coverage": {
      "/Users/paulbennett/turing/3_mod/projects/rails-engine/app/models/customer.rb": {
        "lines": [
          1,
          1,
          1,
          null,
          null
        ]
      },
      "/Users/paulbennett/turing/3_mod/projects/rails-engine/app/models/application_record.rb": {
        "lines": [
          1,
          1,
          null
        ]
      },
      "/Users/paulbennett/turing/3_mod/projects/rails-engine/spec/models/invoice_item_spec.rb": {
        "lines": [

        ]
      },
      "/Users/paulbennett/turing/3_mod/projects/rails-engine/spec/models/invoice_spec.rb": {
        "lines": [
          1,
          null,
          1,
          1,
          2,
          2,
          null,
          null,
          1,
          2,
          null,
          null
        ]
      },
      "/Users/paulbennett/turing/3_mod/projects/rails-engine/app/models/invoice.rb": {
        "lines": [
          1,
          1,
          1,
          1,
          null,
          1,
          null,
          null
        ]
      },
      "/Users/paulbennett/turing/3_mod/projects/rails-engine/spec/models/item_spec.rb": {
        "lines": [
          1,
          1,
          2,
          2,
          2,
          null,
          null,
          1,
          2,
          2,
          2,
          null,
          null
        ]
      },
      "/Users/paulbennett/turing/3_mod/projects/rails-engine/app/models/item.rb": {
        "lines": [
          1,
          1,
          1,
          1,
          1,
          null,
          null,
          null,
          null
        ]
      },
      "/Users/paulbennett/turing/3_mod/projects/rails-engine/spec/models/merchant_spec.rb": {
        "lines": [
          1,
          null,
          null,
          1,
          1,
          2,
          2,
          2,
          null,
          null,
          1,
          2,
          null,
          null
        ]
      },
      "/Users/paulbennett/turing/3_mod/projects/rails-engine/app/models/merchant.rb": {
        "lines": [
          1,
          1,
          1,
          1,
          null,
          1,
          null,
          null
        ]
      },
      "/Users/paulbennett/turing/3_mod/projects/rails-engine/spec/models/transaction_spec.rb": {
        "lines": [
          1,
          null,
          1,
          1,
          2,
          null,
          null,
          1,
          2,
          2,
          2,
          null,
          null
        ]
      },
      "/Users/paulbennett/turing/3_mod/projects/rails-engine/app/models/transaction.rb": {
        "lines": [
          1,
          1,
          1,
          null,
          null,
          null
        ]
      },
      "/Users/paulbennett/turing/3_mod/projects/rails-engine/app/models/invoice_item.rb": {
        "lines": [
          1,
          1,
          1,
          1,
          null,
          null
        ]
      }
    },
    "timestamp": 1697757148
  }
}
